<?xml version="1.0" encoding="UTF-8"?>
<!-- Generated by org.testng.reporters.JUnitReportReporter -->
<testsuite skipped="0" hostname="LAPTOP-34TFF43U" name="javatestpackage.TestNGTestClass" tests="1" failures="0" timestamp="31 Aug 2017 18:28:05 GMT" time="0.013" errors="0">
  <testcase name="f" time="0.013" classname="javatestpackage.TestNGTestClass"/>
</testsuite> <!-- javatestpackage.TestNGTestClass -->
